This is pdfTeX, Version 3.141592653-2.6-1.40.22 (MiKTeX 21.2) (preloaded format=pdflatex 2021.5.24)  24 MAY 2021 11:50
entering extended mode
**e:/DESCARGAS/Lab02_Importacion_DataFlow_TrasladoArchivos/Lab02_Importacion_DataFlow_TrasladoArchivos.tex
(e:/DESCARGAS/Lab02_Importacion_DataFlow_TrasladoArchivos/Lab02_Importacion_DataFlow_TrasladoArchivos.tex
LaTeX2e <2020-10-01> patch level 4
L3 programming layer <2021-02-18> xparse <2020-03-03> (C:\Users\Derian\AppData\Local\Programs\MiKTeX\tex/latex/base\article.cls
Document Class: article 2020/04/10 v1.4m Standard LaTeX document class
(C:\Users\Derian\AppData\Local\Programs\MiKTeX\tex/latex/base\size12.clo
File: size12.clo 2020/04/10 v1.4m Standard LaTeX file (size option)
)
\c@part=\count179
\c@section=\count180
\c@subsection=\count181
\c@subsubsection=\count182
\c@paragraph=\count183
\c@subparagraph=\count184
\c@figure=\count185
\c@table=\count186
\abovecaptionskip=\skip47
\belowcaptionskip=\skip48
\bibindent=\dimen138
) (C:\Users\Derian\AppData\Local\Programs\MiKTeX\tex/latex/base\inputenc.sty
Package: inputenc 2020/08/01 v1.3d Input encoding file
\inpenc@prehook=\toks15
\inpenc@posthook=\toks16
) (C:\Users\Derian\AppData\Local\Programs\MiKTeX\tex/generic/babel\babel.sty
Package: babel 2021/01/26 3.53 The Babel package
 (C:\Users\Derian\AppData\Local\Programs\MiKTeX\tex/generic/babel\babel.def
File: babel.def 2021/01/26 3.53 Babel common definitions
\babel@savecnt=\count187
\U@D=\dimen139
\l@babelnohyphens=\language79
 (C:\Users\Derian\AppData\Local\Programs\MiKTeX\tex/generic/babel\txtbabel.def)
\bbl@readstream=\read2
)
\bbl@dirlevel=\count188

*************************************
* Local config file bblopts.cfg used
*
(C:\Users\Derian\AppData\Local\Programs\MiKTeX\tex/latex/arabi\bblopts.cfg
File: bblopts.cfg 2005/09/08 v0.1 add Arabic and Farsi to "declared" options of babel
) (C:\Users\Derian\AppData\Roaming\MiKTeX\tex/latex/babel-spanish\spanish.ldf
Language: spanish.ldf 2016/03/03 v5.0p Spanish support from the babel system
\es@quottoks=\toks17
\es@quotdepth=\count189
Package babel Info: Making " an active character on input line 561.
Package babel Info: Making . an active character on input line 662.
Package babel Info: Making < an active character on input line 707.
Package babel Info: Making > an active character on input line 707.
)) (C:\Users\Derian\AppData\Local\Programs\MiKTeX\tex/latex/graphics\graphicx.sty
Package: graphicx 2020/09/09 v1.2b Enhanced LaTeX Graphics (DPC,SPQR)
 (C:\Users\Derian\AppData\Local\Programs\MiKTeX\tex/latex/graphics\keyval.sty
Package: keyval 2014/10/28 v1.15 key=value parser (DPC)
\KV@toks@=\toks18
) (C:\Users\Derian\AppData\Local\Programs\MiKTeX\tex/latex/graphics\graphics.sty
Package: graphics 2020/08/30 v1.4c Standard LaTeX Graphics (DPC,SPQR)
 (C:\Users\Derian\AppData\Local\Programs\MiKTeX\tex/latex/graphics\trig.sty
Package: trig 2016/01/03 v1.10 sin cos tan (DPC)
) (C:\Users\Derian\AppData\Local\Programs\MiKTeX\tex/latex/graphics-cfg\graphics.cfg
File: graphics.cfg 2016/06/04 v1.11 sample graphics configuration
)
Package graphics Info: Driver file: pdftex.def on input line 105.
 (C:\Users\Derian\AppData\Local\Programs\MiKTeX\tex/latex/graphics-def\pdftex.def
File: pdftex.def 2020/10/05 v1.2a Graphics/color driver for pdftex
))
\Gin@req@height=\dimen140
\Gin@req@width=\dimen141
) (C:\Users\Derian\AppData\Roaming\MiKTeX\tex/latex/geometry\geometry.sty
Package: geometry 2020/01/02 v5.9 Page Geometry
 (C:\Users\Derian\AppData\Local\Programs\MiKTeX\tex/generic/iftex\ifvtex.sty
Package: ifvtex 2019/10/25 v1.7 ifvtex legacy package. Use iftex instead.
 (C:\Users\Derian\AppData\Local\Programs\MiKTeX\tex/generic/iftex\iftex.sty
Package: iftex 2020/03/06 v1.0d TeX engine tests
))
\Gm@cnth=\count190
\Gm@cntv=\count191
\c@Gm@tempcnt=\count192
\Gm@bindingoffset=\dimen142
\Gm@wd@mp=\dimen143
\Gm@odd@mp=\dimen144
\Gm@even@mp=\dimen145
\Gm@layoutwidth=\dimen146
\Gm@layoutheight=\dimen147
\Gm@layouthoffset=\dimen148
\Gm@layoutvoffset=\dimen149
\Gm@dimlist=\toks19
 (C:\Users\Derian\AppData\Roaming\MiKTeX\tex/latex/geometry\geometry.cfg)) (C:\Users\Derian\AppData\Roaming\MiKTeX\tex/latex/float\float.sty
Package: float 2001/11/08 v1.3d Float enhancements (AL)
\c@float@type=\count193
\float@exts=\toks20
\float@box=\box47
\@float@everytoks=\toks21
\@floatcapt=\box48
) (C:\Users\Derian\AppData\Local\Programs\MiKTeX\tex/latex/amsmath\amsmath.sty
Package: amsmath 2020/09/23 v2.17i AMS math features
\@mathmargin=\skip49

For additional information on amsmath, use the `?' option.
(C:\Users\Derian\AppData\Local\Programs\MiKTeX\tex/latex/amsmath\amstext.sty
Package: amstext 2000/06/29 v2.01 AMS text
 (C:\Users\Derian\AppData\Local\Programs\MiKTeX\tex/latex/amsmath\amsgen.sty
File: amsgen.sty 1999/11/30 v2.0 generic functions
\@emptytoks=\toks22
\ex@=\dimen150
)) (C:\Users\Derian\AppData\Local\Programs\MiKTeX\tex/latex/amsmath\amsbsy.sty
Package: amsbsy 1999/11/29 v1.2d Bold Symbols
\pmbraise@=\dimen151
) (C:\Users\Derian\AppData\Local\Programs\MiKTeX\tex/latex/amsmath\amsopn.sty
Package: amsopn 2016/03/08 v2.02 operator names
)
\inf@bad=\count194
LaTeX Info: Redefining \frac on input line 234.
\uproot@=\count195
\leftroot@=\count196
LaTeX Info: Redefining \overline on input line 399.
\classnum@=\count197
\DOTSCASE@=\count198
LaTeX Info: Redefining \ldots on input line 496.
LaTeX Info: Redefining \dots on input line 499.
LaTeX Info: Redefining \cdots on input line 620.
\Mathstrutbox@=\box49
\strutbox@=\box50
\big@size=\dimen152
LaTeX Font Info:    Redeclaring font encoding OML on input line 743.
LaTeX Font Info:    Redeclaring font encoding OMS on input line 744.
\macc@depth=\count199
\c@MaxMatrixCols=\count266
\dotsspace@=\muskip16
\c@parentequation=\count267
\dspbrk@lvl=\count268
\tag@help=\toks23
\row@=\count269
\column@=\count270
\maxfields@=\count271
\andhelp@=\toks24
\eqnshift@=\dimen153
\alignsep@=\dimen154
\tagshift@=\dimen155
\tagwidth@=\dimen156
\totwidth@=\dimen157
\lineht@=\dimen158
\@envbody=\toks25
\multlinegap=\skip50
\multlinetaggap=\skip51
\mathdisplay@stack=\toks26
LaTeX Info: Redefining \[ on input line 2923.
LaTeX Info: Redefining \] on input line 2924.
) (C:\Users\Derian\AppData\Local\Programs\MiKTeX\tex/latex/oberdiek\stackrel.sty
Package: stackrel 2016/05/16 v1.3 Adding subscript option to stackrel (HO)
 (C:\Users\Derian\AppData\Roaming\MiKTeX\tex/generic/etexcmds\etexcmds.sty
Package: etexcmds 2019/12/15 v1.7 Avoid name clashes with e-TeX commands (HO)
 (C:\Users\Derian\AppData\Roaming\MiKTeX\tex/generic/infwarerr\infwarerr.sty
Package: infwarerr 2019/12/03 v1.5 Providing info/warning/error messages (HO)
)) (C:\Users\Derian\AppData\Local\Programs\MiKTeX\tex/generic/pdftexcmds\pdftexcmds.sty
Package: pdftexcmds 2020-06-27 v0.33 Utility functions of pdfTeX for LuaTeX (HO)
 (C:\Users\Derian\AppData\Roaming\MiKTeX\tex/generic/ltxcmds\ltxcmds.sty
Package: ltxcmds 2020-05-10 v1.25 LaTeX kernel commands for general use (HO)
)
Package pdftexcmds Info: \pdf@primitive is available.
Package pdftexcmds Info: \pdf@ifprimitive is available.
Package pdftexcmds Info: \pdfdraftmode found.
)) (C:\Users\Derian\AppData\Roaming\MiKTeX\tex/latex/subfig\subfig.sty
Package: subfig 2005/06/28 ver: 1.3 subfig package
 (C:\Users\Derian\AppData\Roaming\MiKTeX\tex/latex/caption\caption.sty
Package: caption 2020/09/12 v3.5b Customizing captions (AR)
 (C:\Users\Derian\AppData\Roaming\MiKTeX\tex/latex/caption\caption3.sty
Package: caption3 2020/09/17 v2.1b caption3 kernel (AR)
\captionmargin=\dimen159
\captionmargin@=\dimen160
\captionwidth=\dimen161
\caption@tempdima=\dimen162
\caption@indent=\dimen163
\caption@parindent=\dimen164
\caption@hangindent=\dimen165
Package caption Info: Standard document class detected.
)
\c@caption@flags=\count272
\c@continuedfloat=\count273
Package caption Info: float package is loaded.
)
\c@KVtest=\count274
\sf@farskip=\skip52
\sf@captopadj=\dimen166
\sf@capskip=\skip53
\sf@nearskip=\skip54
\c@subfigure=\count275
\c@subfigure@save=\count276
\c@lofdepth=\count277
\c@subtable=\count278
\c@subtable@save=\count279
\c@lotdepth=\count280
\sf@top=\skip55
\sf@bottom=\skip56
) (C:\Users\Derian\AppData\Local\Programs\MiKTeX\tex/latex/hyperref\hyperref.sty
Package: hyperref 2021-02-10 v7.00j Hypertext links for LaTeX
 (C:\Users\Derian\AppData\Roaming\MiKTeX\tex/generic/kvsetkeys\kvsetkeys.sty
Package: kvsetkeys 2019/12/15 v1.18 Key value parser (HO)
) (C:\Users\Derian\AppData\Roaming\MiKTeX\tex/generic/kvdefinekeys\kvdefinekeys.sty
Package: kvdefinekeys 2019-12-19 v1.6 Define keys (HO)
) (C:\Users\Derian\AppData\Roaming\MiKTeX\tex/generic/pdfescape\pdfescape.sty
Package: pdfescape 2019/12/09 v1.15 Implements pdfTeX's escape features (HO)
) (C:\Users\Derian\AppData\Roaming\MiKTeX\tex/latex/hycolor\hycolor.sty
Package: hycolor 2020-01-27 v1.10 Color options for hyperref/bookmark (HO)
) (C:\Users\Derian\AppData\Roaming\MiKTeX\tex/latex/letltxmacro\letltxmacro.sty
Package: letltxmacro 2019/12/03 v1.6 Let assignment for LaTeX macros (HO)
) (C:\Users\Derian\AppData\Roaming\MiKTeX\tex/latex/auxhook\auxhook.sty
Package: auxhook 2019-12-17 v1.6 Hooks for auxiliary files (HO)
) (C:\Users\Derian\AppData\Roaming\MiKTeX\tex/latex/kvoptions\kvoptions.sty
Package: kvoptions 2019/11/29 v3.13 Key value format for package options (HO)
)
\@linkdim=\dimen167
\Hy@linkcounter=\count281
\Hy@pagecounter=\count282
 (C:\Users\Derian\AppData\Local\Programs\MiKTeX\tex/latex/hyperref\pd1enc.def
File: pd1enc.def 2021-02-10 v7.00j Hyperref: PDFDocEncoding definition (HO)
Now handling font encoding PD1 ...
... no UTF-8 mapping file for font encoding PD1
) (C:\Users\Derian\AppData\Local\Programs\MiKTeX\tex/latex/hyperref\hyperref-langpatches.def
File: hyperref-langpatches.def 2021-02-10 v7.00j Hyperref: patches for babel languages
) (C:\Users\Derian\AppData\Roaming\MiKTeX\tex/generic/intcalc\intcalc.sty
Package: intcalc 2019/12/15 v1.3 Expandable calculations with integers (HO)
)
\Hy@SavedSpaceFactor=\count283
 (C:\Users\Derian\AppData\Local\Programs\MiKTeX\tex/latex/hyperref\puenc.def
File: puenc.def 2021-02-10 v7.00j Hyperref: PDF Unicode definition (HO)
Now handling font encoding PU ...
... no UTF-8 mapping file for font encoding PU
)
Package hyperref Info: Hyper figures OFF on input line 4192.
Package hyperref Info: Link nesting OFF on input line 4197.
Package hyperref Info: Hyper index ON on input line 4200.
Package hyperref Info: Plain pages OFF on input line 4207.
Package hyperref Info: Backreferencing OFF on input line 4212.
Package hyperref Info: Implicit mode ON; LaTeX internals redefined.
Package hyperref Info: Bookmarks ON on input line 4445.
\c@Hy@tempcnt=\count284
 (C:\Users\Derian\AppData\Local\Programs\MiKTeX\tex/latex/url\url.sty
\Urlmuskip=\muskip17
Package: url 2013/09/16  ver 3.4  Verb mode for urls, etc.
)
LaTeX Info: Redefining \url on input line 4804.
\XeTeXLinkMargin=\dimen168
 (C:\Users\Derian\AppData\Roaming\MiKTeX\tex/generic/bitset\bitset.sty
Package: bitset 2019/12/09 v1.3 Handle bit-vector datatype (HO)
 (C:\Users\Derian\AppData\Roaming\MiKTeX\tex/generic/bigintcalc\bigintcalc.sty
Package: bigintcalc 2019/12/15 v1.5 Expandable calculations on big integers (HO)
))
\Fld@menulength=\count285
\Field@Width=\dimen169
\Fld@charsize=\dimen170
Package hyperref Info: Hyper figures OFF on input line 6075.
Package hyperref Info: Link nesting OFF on input line 6080.
Package hyperref Info: Hyper index ON on input line 6083.
Package hyperref Info: backreferencing OFF on input line 6090.
Package hyperref Info: Link coloring OFF on input line 6095.
Package hyperref Info: Link coloring with OCG OFF on input line 6100.
Package hyperref Info: PDF/A mode OFF on input line 6105.
LaTeX Info: Redefining \ref on input line 6145.
LaTeX Info: Redefining \pageref on input line 6149.
 (C:\Users\Derian\AppData\Local\Programs\MiKTeX\tex/latex/base\atbegshi-ltx.sty
Package: atbegshi-ltx 2020/08/17 v1.0a Emulation of the original atbegshi package
with kernel methods
)
\Hy@abspage=\count286
\c@Item=\count287
\c@Hfootnote=\count288
)
Package hyperref Info: Driver (autodetected): hpdftex.
 (C:\Users\Derian\AppData\Local\Programs\MiKTeX\tex/latex/hyperref\hpdftex.def
File: hpdftex.def 2021-02-10 v7.00j Hyperref driver for pdfTeX
 (C:\Users\Derian\AppData\Local\Programs\MiKTeX\tex/latex/base\atveryend-ltx.sty
Package: atveryend-ltx 2020/08/19 v1.0a Emulation of the original atvery package
with kernel methods
)
\Fld@listcount=\count289
\c@bookmark@seq@number=\count290
 (C:\Users\Derian\AppData\Roaming\MiKTeX\tex/latex/rerunfilecheck\rerunfilecheck.sty
Package: rerunfilecheck 2019/12/05 v1.9 Rerun checks for auxiliary files (HO)
 (C:\Users\Derian\AppData\Roaming\MiKTeX\tex/generic/uniquecounter\uniquecounter.sty
Package: uniquecounter 2019/12/15 v1.4 Provide unlimited unique counter (HO)
)
Package uniquecounter Info: New unique counter `rerunfilecheck' on input line 286.
)
\Hy@SectionHShift=\skip57
) (C:\Users\Derian\AppData\Roaming\MiKTeX\tex/latex/multirow\multirow.sty
Package: multirow 2019/05/31 v2.5 Span multiple rows of a table
\multirow@colwidth=\skip58
\multirow@cntb=\count291
\multirow@dima=\skip59
\bigstrutjot=\dimen171
) (C:\Users\Derian\AppData\Local\Programs\MiKTeX\tex/latex/latex-tools\enumerate.sty
Package: enumerate 2015/07/23 v3.00 enumerate extensions (DPC)
\@enLab=\toks27
) (C:\Users\Derian\AppData\Local\Programs\MiKTeX\tex/latex/l3backend\l3backend-pdftex.def
File: l3backend-pdftex.def 2021-02-18 L3 backend support: PDF output (pdfTeX)
\l__color_backend_stack_int=\count292
\l__pdf_internal_box=\box51
) (e:/DESCARGAS\Lab02_Importacion_DataFlow_TrasladoArchivos\build\Lab02_Importacion_DataFlow_TrasladoArchivos.aux
LaTeX Info: Redefining \. on input line 25.
LaTeX Info: Redefining \% on input line 25.
)
\openout1 = `Lab02_Importacion_DataFlow_TrasladoArchivos.aux'.

LaTeX Font Info:    Checking defaults for OML/cmm/m/it on input line 21.
LaTeX Font Info:    ... okay on input line 21.
LaTeX Font Info:    Checking defaults for OMS/cmsy/m/n on input line 21.
LaTeX Font Info:    ... okay on input line 21.
LaTeX Font Info:    Checking defaults for OT1/cmr/m/n on input line 21.
LaTeX Font Info:    ... okay on input line 21.
LaTeX Font Info:    Checking defaults for T1/cmr/m/n on input line 21.
LaTeX Font Info:    ... okay on input line 21.
LaTeX Font Info:    Checking defaults for TS1/cmr/m/n on input line 21.
LaTeX Font Info:    ... okay on input line 21.
LaTeX Font Info:    Checking defaults for OMX/cmex/m/n on input line 21.
LaTeX Font Info:    ... okay on input line 21.
LaTeX Font Info:    Checking defaults for U/cmr/m/n on input line 21.
LaTeX Font Info:    ... okay on input line 21.
LaTeX Font Info:    Checking defaults for PD1/pdf/m/n on input line 21.
LaTeX Font Info:    ... okay on input line 21.
LaTeX Font Info:    Checking defaults for PU/pdf/m/n on input line 21.
LaTeX Font Info:    ... okay on input line 21.
LaTeX Info: Redefining \. on input line 21.
LaTeX Info: Redefining \% on input line 21.
 (C:\Users\Derian\AppData\Local\Programs\MiKTeX\tex/context/base/mkii\supp-pdf.mkii
[Loading MPS to PDF converter (version 2006.09.02).]
\scratchcounter=\count293
\scratchdimen=\dimen172
\scratchbox=\box52
\nofMPsegments=\count294
\nofMParguments=\count295
\everyMPshowfont=\toks28
\MPscratchCnt=\count296
\MPscratchDim=\dimen173
\MPnumerator=\count297
\makeMPintoPDFobject=\count298
\everyMPtoPDFconversion=\toks29
) (C:\Users\Derian\AppData\Local\Programs\MiKTeX\tex/latex/epstopdf-pkg\epstopdf-base.sty
Package: epstopdf-base 2020-01-24 v2.11 Base part for package epstopdf
Package epstopdf-base Info: Redefining graphics rule for `.eps' on input line 485.
)
*geometry* driver: auto-detecting
*geometry* detected driver: pdftex
*geometry* verbose mode - [ preamble ] result:
* driver: pdftex
* paper: letterpaper
* layout: <same size as paper>
* layoutoffset:(h,v)=(0.0pt,0.0pt)
* modes: 
* h-part:(L,W,R)=(56.9055pt, 500.484pt, 56.9055pt)
* v-part:(T,H,B)=(56.9055pt, 681.15898pt, 56.9055pt)
* \paperwidth=614.295pt
* \paperheight=794.96999pt
* \textwidth=500.484pt
* \textheight=681.15898pt
* \oddsidemargin=-15.36449pt
* \evensidemargin=-15.36449pt
* \topmargin=-52.36449pt
* \headheight=12.0pt
* \headsep=25.0pt
* \topskip=12.0pt
* \footskip=30.0pt
* \marginparwidth=44.0pt
* \marginparsep=10.0pt
* \columnsep=10.0pt
* \skip\footins=10.8pt plus 4.0pt minus 2.0pt
* \hoffset=0.0pt
* \voffset=0.0pt
* \mag=1000
* \@twocolumnfalse
* \@twosidefalse
* \@mparswitchfalse
* \@reversemarginfalse
* (1in=72.27pt=25.4mm, 1cm=28.453pt)

Package caption Info: Begin \AtBeginDocument code.
Package caption Info: subfig package v1.3 is loaded.
Package caption Info: hyperref package is loaded.
Package caption Info: End \AtBeginDocument code.
Package hyperref Info: Link coloring OFF on input line 21.
(C:\Users\Derian\AppData\Local\Programs\MiKTeX\tex/latex/hyperref\nameref.sty
Package: nameref 2021-04-02 v2.47 Cross-referencing by name of section
 (C:\Users\Derian\AppData\Roaming\MiKTeX\tex/latex/refcount\refcount.sty
Package: refcount 2019/12/15 v3.6 Data extraction from label references (HO)
) (C:\Users\Derian\AppData\Roaming\MiKTeX\tex/generic/gettitlestring\gettitlestring.sty
Package: gettitlestring 2019/12/15 v1.6 Cleanup title references (HO)
)
\c@section@level=\count299
)
LaTeX Info: Redefining \ref on input line 21.
LaTeX Info: Redefining \pageref on input line 21.
LaTeX Info: Redefining \nameref on input line 21.
 (e:/DESCARGAS\Lab02_Importacion_DataFlow_TrasladoArchivos\build\Lab02_Importacion_DataFlow_TrasladoArchivos.out) (e:/DESCARGAS\Lab02_Importacion_DataFlow_TrasladoArchivos\build\Lab02_Importacion_DataFlow_TrasladoArchivos.out)
\@outlinefile=\write3
\openout3 = `Lab02_Importacion_DataFlow_TrasladoArchivos.out'.

<./img/upt.jpg, id=23, 580.41844pt x 722.7pt>
File: ./img/upt.jpg Graphic file (type jpg)
<use ./img/upt.jpg>
Package pdftex.def Info: ./img/upt.jpg  used on input line 39.
(pdftex.def)             Requested size: 99.58464pt x 123.9932pt.
 [1

{C:/Users/Derian/AppData/Local/MiKTeX/pdftex/config/pdftex.map} <./img/upt.jpg>] (e:/DESCARGAS\Lab02_Importacion_DataFlow_TrasladoArchivos\build\Lab02_Importacion_DataFlow_TrasladoArchivos.toc
LaTeX Info: Redefining \. on input line 1.
LaTeX Info: Redefining \% on input line 1.
)
\tf@toc=\write4
\openout4 = `Lab02_Importacion_DataFlow_TrasladoArchivos.toc'.

pdfTeX warning (ext4): destination with the same identifier (name{page.1}) has been already used, duplicate ignored
<to be read again> 
                   \relax 
l.116 \newpage
               [1]
Underfull \hbox (badness 10000) in paragraph at lines 124--134

 []

<./img/1.png, id=42, 226.59656pt x 159.21985pt>
File: ./img/1.png Graphic file (type png)
<use ./img/1.png>
Package pdftex.def Info: ./img/1.png  used on input line 140.
(pdftex.def)             Requested size: 341.43306pt x 239.91272pt.
<./img/2.png, id=44, 308.27672pt x 236.38312pt>
File: ./img/2.png Graphic file (type png)
<use ./img/2.png>
Package pdftex.def Info: ./img/2.png  used on input line 145.
(pdftex.def)             Requested size: 369.88582pt x 283.64749pt.
pdfTeX warning (ext4): destination with the same identifier (name{page.1}) has been already used, duplicate ignored
<to be read again> 
                   \relax 
l.146 	\end{center}
                   	 [1 <./img/1.png>]
<./img/3.png, id=49, 243.91125pt x 285.69234pt>
File: ./img/3.png Graphic file (type png)
<use ./img/3.png>
Package pdftex.def Info: ./img/3.png  used on input line 149.
(pdftex.def)             Requested size: 284.52756pt x 333.26912pt.
<./img/4.png, id=50, 223.96172pt x 211.91672pt>
File: ./img/4.png Graphic file (type png)
<use ./img/4.png>
Package pdftex.def Info: ./img/4.png  used on input line 153.
(pdftex.def)             Requested size: 327.20668pt x 309.64156pt.
 [2 <./img/2.png> <./img/3.png>]
<./img/5.png, id=57, 223.58531pt x 210.7875pt>
File: ./img/5.png Graphic file (type png)
<use ./img/5.png>
Package pdftex.def Info: ./img/5.png  used on input line 157.
(pdftex.def)             Requested size: 327.20668pt x 308.50626pt.
 [3 <./img/4.png> <./img/5.png>]
<./img/6.png, id=64, 224.33812pt x 211.54031pt>
File: ./img/6.png Graphic file (type png)
<use ./img/6.png>
Package pdftex.def Info: ./img/6.png  used on input line 161.
(pdftex.def)             Requested size: 327.20668pt x 308.5719pt.
<./img/7.png, id=65, 224.33812pt x 212.66953pt>
File: ./img/7.png Graphic file (type png)
<use ./img/7.png>
Package pdftex.def Info: ./img/7.png  used on input line 165.
(pdftex.def)             Requested size: 327.20668pt x 310.21907pt.
 [4 <./img/6.png> <./img/7.png>]
<./img/8.png, id=72, 224.71454pt x 211.16391pt>
File: ./img/8.png Graphic file (type png)
<use ./img/8.png>
Package pdftex.def Info: ./img/8.png  used on input line 169.
(pdftex.def)             Requested size: 341.43306pt x 320.87901pt.
<./img/9.png, id=73, 225.09094pt x 212.29312pt>
File: ./img/9.png Graphic file (type png)
<use ./img/9.png>
Package pdftex.def Info: ./img/9.png  used on input line 172.
(pdftex.def)             Requested size: 341.43306pt x 322.05722pt.
<./img/10.png, id=74, 225.09094pt x 212.29312pt>
File: ./img/10.png Graphic file (type png)
<use ./img/10.png>
Package pdftex.def Info: ./img/10.png  used on input line 175.
(pdftex.def)             Requested size: 341.43306pt x 322.05722pt.
 [5 <./img/8.png> <./img/9.png>]
<./img/11.png, id=82, 225.09094pt x 211.54031pt>
File: ./img/11.png Graphic file (type png)
<use ./img/11.png>
Package pdftex.def Info: ./img/11.png  used on input line 179.
(pdftex.def)             Requested size: 341.43306pt x 320.91516pt.
 [6 <./img/10.png> <./img/11.png>]
<./img/12.png, id=89, 511.9125pt x 315.42844pt>
File: ./img/12.png Graphic file (type png)
<use ./img/12.png>
Package pdftex.def Info: ./img/12.png  used on input line 186.
(pdftex.def)             Requested size: 398.33858pt x 245.44598pt.
<./img/13.png, id=90, 386.94562pt x 257.46187pt>
File: ./img/13.png Graphic file (type png)
<use ./img/13.png>
Package pdftex.def Info: ./img/13.png  used on input line 190.
(pdftex.def)             Requested size: 455.24408pt x 302.91057pt.
<./img/14.png, id=91, 385.8164pt x 256.70906pt>
File: ./img/14.png Graphic file (type png)
<use ./img/14.png>
Package pdftex.def Info: ./img/14.png  used on input line 193.
(pdftex.def)             Requested size: 398.33858pt x 265.04pt.
 [7 <./img/12.png> <./img/13.png>]
<./img/15.png, id=98, 235.63031pt x 171.64125pt>
File: ./img/15.png Graphic file (type png)
<use ./img/15.png>
Package pdftex.def Info: ./img/15.png  used on input line 197.
(pdftex.def)             Requested size: 398.33858pt x 290.16766pt.
<./img/16.png, id=99, 486.31688pt x 305.64188pt>
File: ./img/16.png Graphic file (type png)
<use ./img/16.png>
Package pdftex.def Info: ./img/16.png  used on input line 201.
(pdftex.def)             Requested size: 398.33858pt x 250.34811pt.
 [8 <./img/14.png> <./img/15.png>]
<./img/17.png, id=106, 477.28313pt x 268.37766pt>
File: ./img/17.png Graphic file (type png)
<use ./img/17.png>
Package pdftex.def Info: ./img/17.png  used on input line 205.
(pdftex.def)             Requested size: 512.1496pt x 288.00073pt.

Overfull \hbox (11.6656pt too wide) in paragraph at lines 205--207
 [] 
 []

[9 <./img/16.png> <./img/17.png>]
<./img/18.png, id=113, 269.13046pt x 229.98422pt>
File: ./img/18.png Graphic file (type png)
<use ./img/18.png>
Package pdftex.def Info: ./img/18.png  used on input line 210.
(pdftex.def)             Requested size: 398.33858pt x 340.40288pt.
<./img/19.png, id=114, 476.90672pt x 267.62485pt>
File: ./img/19.png Graphic file (type png)
<use ./img/19.png>
Package pdftex.def Info: ./img/19.png  used on input line 214.
(pdftex.def)             Requested size: 483.69684pt x 271.45052pt.
 [10 <./img/18.png> <./img/19.png>]
<./img/27.png, id=121, 386.94562pt x 258.21469pt>
File: ./img/27.png Graphic file (type png)
<use ./img/27.png>
Package pdftex.def Info: ./img/27.png  used on input line 220.
(pdftex.def)             Requested size: 398.33858pt x 265.82225pt.
<./img/28.png, id=122, 236.38312pt x 126.0961pt>
File: ./img/28.png Graphic file (type png)
<use ./img/28.png>
Package pdftex.def Info: ./img/28.png  used on input line 225.
(pdftex.def)             Requested size: 398.33858pt x 212.49608pt.
 [11 <./img/27.png> <./img/28.png>]
<./img/29.png, id=131, 360.97359pt x 237.88875pt>
File: ./img/29.png Graphic file (type png)
<use ./img/29.png>
Package pdftex.def Info: ./img/29.png  used on input line 230.
(pdftex.def)             Requested size: 398.33858pt x 262.51329pt.
<./img/22.png, id=132, 604.50844pt x 383.93437pt>
File: ./img/22.png Graphic file (type png)
<use ./img/22.png>
Package pdftex.def Info: ./img/22.png  used on input line 235.
(pdftex.def)             Requested size: 341.43306pt x 216.84715pt.
<./img/23.png, id=133, 496.85625pt x 492.33937pt>
File: ./img/23.png Graphic file (type png)
<use ./img/23.png>
Package pdftex.def Info: ./img/23.png  used on input line 238.
(pdftex.def)             Requested size: 341.43306pt x 338.33221pt.
 [12 <./img/29.png> <./img/22.png>]
<./img/24.png, id=140, 494.59781pt x 101.62968pt>
File: ./img/24.png Graphic file (type png)
<use ./img/24.png>
Package pdftex.def Info: ./img/24.png  used on input line 241.
(pdftex.def)             Requested size: 398.33858pt x 81.8497pt.
<./img/25.png, id=141, 374.52422pt x 193.0964pt>
File: ./img/25.png Graphic file (type png)
<use ./img/25.png>
Package pdftex.def Info: ./img/25.png  used on input line 244.
(pdftex.def)             Requested size: 455.24408pt x 234.72574pt.
 [13 <./img/23.png> <./img/24.png> <./img/25.png>]
<./img/34.png, id=149, 430.98515pt x 169.75922pt>
File: ./img/34.png Graphic file (type png)
<use ./img/34.png>
Package pdftex.def Info: ./img/34.png  used on input line 250.
(pdftex.def)             Requested size: 455.24408pt x 179.31963pt.
<./img/32.png, id=150, 269.13046pt x 230.36063pt>
File: ./img/32.png Graphic file (type png)
<use ./img/32.png>
Package pdftex.def Info: ./img/32.png  used on input line 257.
(pdftex.def)             Requested size: 426.79134pt x 365.31554pt.
<./img/33.png, id=151, 125.34328pt x 124.59047pt>
File: ./img/33.png Graphic file (type png)
<use ./img/33.png>
Package pdftex.def Info: ./img/33.png  used on input line 260.
(pdftex.def)             Requested size: 284.52756pt x 282.8867pt.
 [14 <./img/34.png> <./img/32.png>]
<./img/35.png, id=160, 284.56313pt x 169.38281pt>
File: ./img/35.png Graphic file (type png)
<use ./img/35.png>
Package pdftex.def Info: ./img/35.png  used on input line 265.
(pdftex.def)             Requested size: 455.24408pt x 271.00768pt.
<./img/36.png, id=161, 389.95688pt x 266.11922pt>
File: ./img/36.png Graphic file (type png)
<use ./img/36.png>
Package pdftex.def Info: ./img/36.png  used on input line 268.
(pdftex.def)             Requested size: 455.24408pt x 310.68414pt.
 [15 <./img/33.png> <./img/35.png>]
<./img/38.png, id=168, 269.13046pt x 229.98422pt>
File: ./img/38.png Graphic file (type png)
<use ./img/38.png>
Package pdftex.def Info: ./img/38.png  used on input line 272.
(pdftex.def)             Requested size: 398.33858pt x 340.40288pt.
 [16 <./img/36.png> <./img/38.png>]
<./img/39.png, id=175, 268.75406pt x 229.98422pt>
File: ./img/39.png Graphic file (type png)
<use ./img/39.png>
Package pdftex.def Info: ./img/39.png  used on input line 276.
(pdftex.def)             Requested size: 341.43306pt x 292.18198pt.
<./img/40.png, id=176, 521.69907pt x 260.47313pt>
File: ./img/40.png Graphic file (type png)
<use ./img/40.png>
Package pdftex.def Info: ./img/40.png  used on input line 280.
(pdftex.def)             Requested size: 483.69684pt x 241.50221pt.
<./img/41.png, id=177, 422.32782pt x 246.5461pt>
File: ./img/41.png Graphic file (type png)
<use ./img/41.png>
Package pdftex.def Info: ./img/41.png  used on input line 283.
(pdftex.def)             Requested size: 483.69684pt x 282.37839pt.
 [17 <./img/39.png> <./img/40.png>]
<./img/42.png, id=185, 521.32266pt x 239.77078pt>
File: ./img/42.png Graphic file (type png)
<use ./img/42.png>
Package pdftex.def Info: ./img/42.png  used on input line 287.
(pdftex.def)             Requested size: 483.69684pt x 222.46864pt.
<./img/43.png, id=186, 521.69907pt x 204.765pt>
File: ./img/43.png Graphic file (type png)
<use ./img/43.png>
Package pdftex.def Info: ./img/43.png  used on input line 290.
(pdftex.def)             Requested size: 483.69684pt x 189.85144pt.
 [18 <./img/41.png> <./img/42.png>] [19 <./img/43.png>] (e:/DESCARGAS\Lab02_Importacion_DataFlow_TrasladoArchivos\build\Lab02_Importacion_DataFlow_TrasladoArchivos.aux
LaTeX Info: Redefining \. on input line 25.
LaTeX Info: Redefining \% on input line 25.
)
Package rerunfilecheck Info: File `Lab02_Importacion_DataFlow_TrasladoArchivos.out' has not changed.
(rerunfilecheck)             Checksum: 11EDE35153A4CF85F9C56B2D87B660C6;989.
 ) 
Here is how much of TeX's memory you used:
 11780 strings out of 479334
 180107 string characters out of 2856609
 497104 words of memory out of 3000000
 29017 multiletter control sequences out of 15000+200000
 408358 words of font info for 44 fonts, out of 3000000 for 9000
 1141 hyphenation exceptions out of 8191
 71i,5n,79p,540b,432s stack positions out of 5000i,500n,10000p,200000b,50000s
<C:/Users/Derian/AppData/Local/Programs/MiKTeX/fonts/type1/public/amsfonts/cm/cmbx12.pfb><C:/Users/Derian/AppData/Local/Programs/MiKTeX/fonts/type1/public/amsfonts/cm/cmr12.pfb><C:/Users/Derian/AppData/Local/Programs/MiKTeX/fonts/type1/public/amsfonts/cm/cmr17.pfb><C:/Users/Derian/AppData/Local/Programs/MiKTeX/fonts/type1/public/amsfonts/cm/cmr6.pfb>
Output written on e:/DESCARGAS\Lab02_Importacion_DataFlow_TrasladoArchivos\build\Lab02_Importacion_DataFlow_TrasladoArchivos.pdf (21 pages, 2557494 bytes).
PDF statistics:
 220 PDF objects out of 1000 (max. 8388607)
 29 named destinations out of 1000 (max. 500000)
 231 words of extra memory for PDF output out of 10000 (max. 10000000)

